[print_accuracy] = 0.12
[split_distance] = 1.5
[output_bc] = True
[board_bias] = 2.2
[connection_angle] = 0.0
[middle_bias] = 0.12
[enable_db] = True
[enable_db_bind] = False
[additional_line_option] = 0
[stl_asymmetry] = True
[cursor_axis_mode] = real_axis
[line_weight] = 2
[show_keypoint] = False
[theme] = 0
[tsa_radius] = 100.0
[tsa_resolution] = 6
[debug_mode] = False
[thin_mode] = False
[layer] = 2
[asym] = False
[only_two_sides] = True
[disable_pillars] = True
[fast_simulation_mode] = True
[unit_length] = [30.0, 150.0]
[miura_angle] = [25.0, 75.0]
[row_number] = [10, 10]
[generation] = 10000
[batch_size] = 32
[process_number] = 1
[storage] = 512
[match_mode] = 4
[discrete_resolution] = 2
[hypar_enable] = False
[direction_enable] = False
[mcts_epoch] = 1000
[exo_angle1] = 100.0
[exo_angle2] = 180.0
[exo_X] = 54.0
[exo_Y] = 17.0
[exo_theta] = -45.0
